<?xml version="1.0" encoding="UTF-8"?>
<testsuite xmlns:xsi="http://www.w3.org/2001/XMLSchema-instance" xsi:noNamespaceSchemaLocation="https://maven.apache.org/surefire/maven-surefire-plugin/xsd/surefire-test-report.xsd" name="features.TestRunner" time="4.347" tests="1" errors="0" skipped="0" failures="1">
  <properties>
    <property name="gopherProxySet" value="false"/>
    <property name="awt.toolkit" value="sun.lwawt.macosx.LWCToolkit"/>
    <property name="file.encoding.pkg" value="sun.io"/>
    <property name="java.specification.version" value="1.8"/>
    <property name="sun.cpu.isalist" value=""/>
    <property name="sun.jnu.encoding" value="UTF-8"/>
    <property name="java.class.path" value="/Users/prakumar11/Desktop/Dev/PS innersource/testx-api-karate/target/test-classes:/Users/prakumar11/Desktop/Dev/PS innersource/testx-api-karate/target/classes:/Users/prakumar11/.m2/repository/com/intuit/karate/karate-core/1.1.0/karate-core-1.1.0.jar:/Users/prakumar11/.m2/repository/org/graalvm/js/js-scriptengine/21.2.0/js-scriptengine-21.2.0.jar:/Users/prakumar11/.m2/repository/org/graalvm/sdk/graal-sdk/21.2.0/graal-sdk-21.2.0.jar:/Users/prakumar11/.m2/repository/org/graalvm/js/js/21.2.0/js-21.2.0.jar:/Users/prakumar11/.m2/repository/org/graalvm/regex/regex/21.2.0/regex-21.2.0.jar:/Users/prakumar11/.m2/repository/org/graalvm/truffle/truffle-api/21.2.0/truffle-api-21.2.0.jar:/Users/prakumar11/.m2/repository/com/ibm/icu/icu4j/69.1/icu4j-69.1.jar:/Users/prakumar11/.m2/repository/ch/qos/logback/logback-classic/1.2.3/logback-classic-1.2.3.jar:/Users/prakumar11/.m2/repository/ch/qos/logback/logback-core/1.2.3/logback-core-1.2.3.jar:/Users/prakumar11/.m2/repository/org/slf4j/slf4j-api/1.7.25/slf4j-api-1.7.25.jar:/Users/prakumar11/.m2/repository/org/slf4j/jcl-over-slf4j/1.7.25/jcl-over-slf4j-1.7.25.jar:/Users/prakumar11/.m2/repository/com/jayway/jsonpath/json-path/2.6.0/json-path-2.6.0.jar:/Users/prakumar11/.m2/repository/net/minidev/json-smart/2.4.7/json-smart-2.4.7.jar:/Users/prakumar11/.m2/repository/net/minidev/accessors-smart/2.4.7/accessors-smart-2.4.7.jar:/Users/prakumar11/.m2/repository/info/cukes/cucumber-java/1.2.5/cucumber-java-1.2.5.jar:/Users/prakumar11/.m2/repository/info/cukes/cucumber-core/1.2.5/cucumber-core-1.2.5.jar:/Users/prakumar11/.m2/repository/de/siegmar/fastcsv/2.0.0/fastcsv-2.0.0.jar:/Users/prakumar11/.m2/repository/info/picocli/picocli/4.6.1/picocli-4.6.1.jar:/Users/prakumar11/.m2/repository/net/masterthought/cucumber-reporting/5.6.0/cucumber-reporting-5.6.0.jar:/Users/prakumar11/.m2/repository/com/fasterxml/jackson/datatype/jackson-datatype-jsr310/2.12.1/jackson-datatype-jsr310-2.12.1.jar:/Users/prakumar11/.m2/repository/org/apache/velocity/velocity-engine-core/2.3/velocity-engine-core-2.3.jar:/Users/prakumar11/.m2/repository/commons-collections/commons-collections/3.2.2/commons-collections-3.2.2.jar:/Users/prakumar11/.m2/repository/joda-time/joda-time/2.10.10/joda-time-2.10.10.jar:/Users/prakumar11/.m2/repository/org/apache/commons/commons-lang3/3.12.0/commons-lang3-3.12.0.jar:/Users/prakumar11/.m2/repository/commons-io/commons-io/2.7/commons-io-2.7.jar:/Users/prakumar11/.m2/repository/org/codehaus/plexus/plexus-utils/3.3.0/plexus-utils-3.3.0.jar:/Users/prakumar11/.m2/repository/org/jsoup/jsoup/1.14.2/jsoup-1.14.2.jar:/Users/prakumar11/.m2/repository/com/google/guava/guava/30.1.1-jre/guava-30.1.1-jre.jar:/Users/prakumar11/.m2/repository/com/google/guava/failureaccess/1.0.1/failureaccess-1.0.1.jar:/Users/prakumar11/.m2/repository/com/google/guava/listenablefuture/9999.0-empty-to-avoid-conflict-with-guava/listenablefuture-9999.0-empty-to-avoid-conflict-with-guava.jar:/Users/prakumar11/.m2/repository/com/google/code/findbugs/jsr305/3.0.2/jsr305-3.0.2.jar:/Users/prakumar11/.m2/repository/org/checkerframework/checker-qual/3.8.0/checker-qual-3.8.0.jar:/Users/prakumar11/.m2/repository/com/google/errorprone/error_prone_annotations/2.5.1/error_prone_annotations-2.5.1.jar:/Users/prakumar11/.m2/repository/com/google/j2objc/j2objc-annotations/1.3/j2objc-annotations-1.3.jar:/Users/prakumar11/.m2/repository/com/googlecode/owasp-java-html-sanitizer/owasp-java-html-sanitizer/20200713.1/owasp-java-html-sanitizer-20200713.1.jar:/Users/prakumar11/.m2/repository/commons-configuration/commons-configuration/1.10/commons-configuration-1.10.jar:/Users/prakumar11/.m2/repository/commons-lang/commons-lang/2.6/commons-lang-2.6.jar:/Users/prakumar11/.m2/repository/commons-logging/commons-logging/1.1.1/commons-logging-1.1.1.jar:/Users/prakumar11/.m2/repository/com/intuit/karate/karate-junit4/1.1.0/karate-junit4-1.1.0.jar:/Users/prakumar11/.m2/repository/junit/junit/4.13.1/junit-4.13.1.jar:/Users/prakumar11/.m2/repository/org/hamcrest/hamcrest-core/1.3/hamcrest-core-1.3.jar:/Users/prakumar11/.m2/repository/com/intuit/karate/karate-gatling/1.1.0/karate-gatling-1.1.0.jar:/Users/prakumar11/.m2/repository/io/gatling/highcharts/gatling-charts-highcharts/3.7.0-M1/gatling-charts-highcharts-3.7.0-M1.jar:/Users/prakumar11/.m2/repository/org/scala-lang/scala-library/2.13.6/scala-library-2.13.6.jar:/Users/prakumar11/.m2/repository/io/gatling/gatling-app/3.7.0-M1/gatling-app-3.7.0-M1.jar:/Users/prakumar11/.m2/repository/io/gatling/gatling-core/3.7.0-M1/gatling-core-3.7.0-M1.jar:/Users/prakumar11/.m2/repository/io/gatling/gatling-commons/3.7.0-M1/gatling-commons-3.7.0-M1.jar:/Users/prakumar11/.m2/repository/io/gatling/gatling-commons-shared/3.7.0-M1/gatling-commons-shared-3.7.0-M1.jar:/Users/prakumar11/.m2/repository/org/scala-lang/scala-reflect/2.13.6/scala-reflect-2.13.6.jar:/Users/prakumar11/.m2/repository/io/suzaku/boopickle_2.13/1.3.3/boopickle_2.13-1.3.3.jar:/Users/prakumar11/.m2/repository/io/gatling/gatling-commons-shared-unstable/3.7.0-M1/gatling-commons-shared-unstable-3.7.0-M1.jar:/Users/prakumar11/.m2/repository/org/typelevel/spire-macros_2.13/0.17.0/spire-macros_2.13-0.17.0.jar:/Users/prakumar11/.m2/repository/com/typesafe/scala-logging/scala-logging_2.13/3.9.4/scala-logging_2.13-3.9.4.jar:/Users/prakumar11/.m2/repository/io/gatling/gatling-jsonpath/3.7.0-M1/gatling-jsonpath-3.7.0-M1.jar:/Users/prakumar11/.m2/repository/com/typesafe/akka/akka-slf4j_2.13/2.6.16/akka-slf4j_2.13-2.6.16.jar:/Users/prakumar11/.m2/repository/org/simpleflatmapper/lightning-csv/8.2.3/lightning-csv-8.2.3.jar:/Users/prakumar11/.m2/repository/org/simpleflatmapper/sfm-util/8.2.3/sfm-util-8.2.3.jar:/Users/prakumar11/.m2/repository/com/github/ben-manes/caffeine/caffeine/2.9.2/caffeine-2.9.2.jar:/Users/prakumar11/.m2/repository/io/pebbletemplates/pebble/3.1.5/pebble-3.1.5.jar:/Users/prakumar11/.m2/repository/org/unbescape/unbescape/1.1.6.RELEASE/unbescape-1.1.6.RELEASE.jar:/Users/prakumar11/.m2/repository/org/scala-lang/modules/scala-parser-combinators_2.13/2.0.0/scala-parser-combinators_2.13-2.0.0.jar:/Users/prakumar11/.m2/repository/com/github/scopt/scopt_2.13/3.7.1/scopt_2.13-3.7.1.jar:/Users/prakumar11/.m2/repository/io/netty/netty-handler/4.1.68.Final/netty-handler-4.1.68.Final.jar:/Users/prakumar11/.m2/repository/io/netty/netty-resolver/4.1.68.Final/netty-resolver-4.1.68.Final.jar:/Users/prakumar11/.m2/repository/com/softwaremill/quicklens/quicklens_2.13/1.7.4/quicklens_2.13-1.7.4.jar:/Users/prakumar11/.m2/repository/net/sf/saxon/Saxon-HE/10.6/Saxon-HE-10.6.jar:/Users/prakumar11/.m2/repository/org/jodd/jodd-lagarto/6.0.5/jodd-lagarto-6.0.5.jar:/Users/prakumar11/.m2/repository/org/jodd/jodd-util/6.0.1/jodd-util-6.0.1.jar:/Users/prakumar11/.m2/repository/io/burt/jmespath-jackson/0.5.0/jmespath-jackson-0.5.0.jar:/Users/prakumar11/.m2/repository/io/burt/jmespath-core/0.5.0/jmespath-core-0.5.0.jar:/Users/prakumar11/.m2/repository/io/gatling/gatling-core-java/3.7.0-M1/gatling-core-java-3.7.0-M1.jar:/Users/prakumar11/.m2/repository/net/jodah/typetools/0.6.3/typetools-0.6.3.jar:/Users/prakumar11/.m2/repository/io/gatling/gatling-http/3.7.0-M1/gatling-http-3.7.0-M1.jar:/Users/prakumar11/.m2/repository/io/gatling/gatling-http-client/3.7.0-M1/gatling-http-client-3.7.0-M1.jar:/Users/prakumar11/.m2/repository/io/netty/netty-handler-proxy/4.1.68.Final/netty-handler-proxy-4.1.68.Final.jar:/Users/prakumar11/.m2/repository/io/netty/netty-codec-socks/4.1.68.Final/netty-codec-socks-4.1.68.Final.jar:/Users/prakumar11/.m2/repository/io/netty/netty-resolver-dns/4.1.68.Final/netty-resolver-dns-4.1.68.Final.jar:/Users/prakumar11/.m2/repository/io/netty/netty-codec-dns/4.1.68.Final/netty-codec-dns-4.1.68.Final.jar:/Users/prakumar11/.m2/repository/io/netty/netty-codec-http2/4.1.68.Final/netty-codec-http2-4.1.68.Final.jar:/Users/prakumar11/.m2/repository/io/netty/netty-tcnative-boringssl-static/2.0.43.Final/netty-tcnative-boringssl-static-2.0.43.Final.jar:/Users/prakumar11/.m2/repository/com/aayushatharva/brotli4j/brotli4j/1.6.0/brotli4j-1.6.0.jar:/Users/prakumar11/.m2/repository/com/aayushatharva/brotli4j/native-linux-x86_64/1.6.0/native-linux-x86_64-1.6.0.jar:/Users/prakumar11/.m2/repository/com/aayushatharva/brotli4j/native-linux-aarch64/1.6.0/native-linux-aarch64-1.6.0.jar:/Users/prakumar11/.m2/repository/com/aayushatharva/brotli4j/native-osx-x86_64/1.6.0/native-osx-x86_64-1.6.0.jar:/Users/prakumar11/.m2/repository/com/aayushatharva/brotli4j/native-windows-x86_64/1.6.0/native-windows-x86_64-1.6.0.jar:/Users/prakumar11/.m2/repository/io/gatling/gatling-http-java/3.7.0-M1/gatling-http-java-3.7.0-M1.jar:/Users/prakumar11/.m2/repository/io/gatling/gatling-jms/3.7.0-M1/gatling-jms-3.7.0-M1.jar:/Users/prakumar11/.m2/repository/javax/jms/javax.jms-api/2.0.1/javax.jms-api-2.0.1.jar:/Users/prakumar11/.m2/repository/com/eatthepath/fast-uuid/0.2.0/fast-uuid-0.2.0.jar:/Users/prakumar11/.m2/repository/io/gatling/gatling-jms-java/3.7.0-M1/gatling-jms-java-3.7.0-M1.jar:/Users/prakumar11/.m2/repository/io/gatling/gatling-mqtt/3.7.0-M1/gatling-mqtt-3.7.0-M1.jar:/Users/prakumar11/.m2/repository/io/gatling/gatling-netty-util/3.7.0-M1/gatling-netty-util-3.7.0-M1.jar:/Users/prakumar11/.m2/repository/io/netty/netty-codec-mqtt/4.1.68.Final/netty-codec-mqtt-4.1.68.Final.jar:/Users/prakumar11/.m2/repository/io/netty/netty-transport-native-epoll/4.1.68.Final/netty-transport-native-epoll-4.1.68.Final-linux-x86_64.jar:/Users/prakumar11/.m2/repository/io/netty/netty-transport-native-unix-common/4.1.68.Final/netty-transport-native-unix-common-4.1.68.Final.jar:/Users/prakumar11/.m2/repository/io/gatling/gatling-mqtt-java/3.7.0-M1/gatling-mqtt-java-3.7.0-M1.jar:/Users/prakumar11/.m2/repository/io/gatling/gatling-jdbc/3.7.0-M1/gatling-jdbc-3.7.0-M1.jar:/Users/prakumar11/.m2/repository/io/gatling/gatling-jdbc-java/3.7.0-M1/gatling-jdbc-java-3.7.0-M1.jar:/Users/prakumar11/.m2/repository/io/gatling/gatling-redis/3.7.0-M1/gatling-redis-3.7.0-M1.jar:/Users/prakumar11/.m2/repository/net/debasishg/redisclient_2.13/3.40/redisclient_2.13-3.40.jar:/Users/prakumar11/.m2/repository/org/apache/commons/commons-pool2/2.8.0/commons-pool2-2.8.0.jar:/Users/prakumar11/.m2/repository/io/gatling/gatling-redis-java/3.7.0-M1/gatling-redis-java-3.7.0-M1.jar:/Users/prakumar11/.m2/repository/io/gatling/gatling-graphite/3.7.0-M1/gatling-graphite-3.7.0-M1.jar:/Users/prakumar11/.m2/repository/org/hdrhistogram/HdrHistogram/2.1.12/HdrHistogram-2.1.12.jar:/Users/prakumar11/.m2/repository/io/gatling/gatling-charts/3.7.0-M1/gatling-charts-3.7.0-M1.jar:/Users/prakumar11/.m2/repository/com/tdunning/t-digest/3.1/t-digest-3.1.jar:/Users/prakumar11/.m2/repository/io/gatling/gatling-recorder/3.7.0-M1/gatling-recorder-3.7.0-M1.jar:/Users/prakumar11/.m2/repository/org/scala-lang/modules/scala-swing_2.13/3.0.0/scala-swing_2.13-3.0.0.jar:/Users/prakumar11/.m2/repository/org/bouncycastle/bcpkix-jdk15on/1.69/bcpkix-jdk15on-1.69.jar:/Users/prakumar11/.m2/repository/org/bouncycastle/bcprov-jdk15on/1.69/bcprov-jdk15on-1.69.jar:/Users/prakumar11/.m2/repository/org/bouncycastle/bcutil-jdk15on/1.69/bcutil-jdk15on-1.69.jar:/Users/prakumar11/.m2/repository/io/netty/netty-codec-http/4.1.68.Final/netty-codec-http-4.1.68.Final.jar:/Users/prakumar11/.m2/repository/io/netty/netty-common/4.1.68.Final/netty-common-4.1.68.Final.jar:/Users/prakumar11/.m2/repository/io/netty/netty-buffer/4.1.68.Final/netty-buffer-4.1.68.Final.jar:/Users/prakumar11/.m2/repository/io/netty/netty-transport/4.1.68.Final/netty-transport-4.1.68.Final.jar:/Users/prakumar11/.m2/repository/io/netty/netty-codec/4.1.68.Final/netty-codec-4.1.68.Final.jar:/Users/prakumar11/.m2/repository/com/typesafe/akka/akka-actor_2.13/2.6.16/akka-actor_2.13-2.6.16.jar:/Users/prakumar11/.m2/repository/com/typesafe/config/1.4.0/config-1.4.0.jar:/Users/prakumar11/.m2/repository/org/scala-lang/modules/scala-java8-compat_2.13/1.0.0/scala-java8-compat_2.13-1.0.0.jar:/Users/prakumar11/.m2/repository/org/yaml/snakeyaml/1.30/snakeyaml-1.30.jar:/Users/prakumar11/.m2/repository/com/fasterxml/jackson/core/jackson-databind/2.13.0/jackson-databind-2.13.0.jar:/Users/prakumar11/.m2/repository/com/fasterxml/jackson/core/jackson-annotations/2.13.0/jackson-annotations-2.13.0.jar:/Users/prakumar11/.m2/repository/com/fasterxml/jackson/core/jackson-core/2.13.0/jackson-core-2.13.0.jar:/Users/prakumar11/.m2/repository/org/jacoco/org.jacoco.ant/0.8.7/org.jacoco.ant-0.8.7.jar:/Users/prakumar11/.m2/repository/org/jacoco/org.jacoco.core/0.8.7/org.jacoco.core-0.8.7.jar:/Users/prakumar11/.m2/repository/org/ow2/asm/asm/9.1/asm-9.1.jar:/Users/prakumar11/.m2/repository/org/ow2/asm/asm-commons/9.1/asm-commons-9.1.jar:/Users/prakumar11/.m2/repository/org/ow2/asm/asm-analysis/9.1/asm-analysis-9.1.jar:/Users/prakumar11/.m2/repository/org/ow2/asm/asm-tree/9.1/asm-tree-9.1.jar:/Users/prakumar11/.m2/repository/org/jacoco/org.jacoco.report/0.8.7/org.jacoco.report-0.8.7.jar:/Users/prakumar11/.m2/repository/org/jacoco/org.jacoco.agent/0.8.7/org.jacoco.agent-0.8.7.jar:"/>
    <property name="java.vm.vendor" value="Oracle Corporation"/>
    <property name="sun.arch.data.model" value="64"/>
    <property name="java.vendor.url" value="http://java.oracle.com/"/>
    <property name="user.timezone" value=""/>
    <property name="user.country.format" value="IN"/>
    <property name="java.vm.specification.version" value="1.8"/>
    <property name="os.name" value="Mac OS X"/>
    <property name="user.country" value="GB"/>
    <property name="sun.java.launcher" value="SUN_STANDARD"/>
    <property name="sun.boot.library.path" value="/Library/Java/JavaVirtualMachines/jdk1.8.0_321.jdk/Contents/Home/jre/lib"/>
    <property name="sun.java.command" value="/Users/prakumar11/Desktop/Dev/PS innersource/testx-api-karate/target/surefire/surefirebooter8172734009954379519.jar /Users/prakumar11/Desktop/Dev/PS innersource/testx-api-karate/target/surefire 2022-12-05T12-21-17_936-jvmRun1 surefire8880481733413350416tmp surefire_07957953987594432048tmp"/>
    <property name="surefire.test.class.path" value="/Users/prakumar11/Desktop/Dev/PS innersource/testx-api-karate/target/test-classes:/Users/prakumar11/Desktop/Dev/PS innersource/testx-api-karate/target/classes:/Users/prakumar11/.m2/repository/com/intuit/karate/karate-core/1.1.0/karate-core-1.1.0.jar:/Users/prakumar11/.m2/repository/org/graalvm/js/js-scriptengine/21.2.0/js-scriptengine-21.2.0.jar:/Users/prakumar11/.m2/repository/org/graalvm/sdk/graal-sdk/21.2.0/graal-sdk-21.2.0.jar:/Users/prakumar11/.m2/repository/org/graalvm/js/js/21.2.0/js-21.2.0.jar:/Users/prakumar11/.m2/repository/org/graalvm/regex/regex/21.2.0/regex-21.2.0.jar:/Users/prakumar11/.m2/repository/org/graalvm/truffle/truffle-api/21.2.0/truffle-api-21.2.0.jar:/Users/prakumar11/.m2/repository/com/ibm/icu/icu4j/69.1/icu4j-69.1.jar:/Users/prakumar11/.m2/repository/ch/qos/logback/logback-classic/1.2.3/logback-classic-1.2.3.jar:/Users/prakumar11/.m2/repository/ch/qos/logback/logback-core/1.2.3/logback-core-1.2.3.jar:/Users/prakumar11/.m2/repository/org/slf4j/slf4j-api/1.7.25/slf4j-api-1.7.25.jar:/Users/prakumar11/.m2/repository/org/slf4j/jcl-over-slf4j/1.7.25/jcl-over-slf4j-1.7.25.jar:/Users/prakumar11/.m2/repository/com/jayway/jsonpath/json-path/2.6.0/json-path-2.6.0.jar:/Users/prakumar11/.m2/repository/net/minidev/json-smart/2.4.7/json-smart-2.4.7.jar:/Users/prakumar11/.m2/repository/net/minidev/accessors-smart/2.4.7/accessors-smart-2.4.7.jar:/Users/prakumar11/.m2/repository/info/cukes/cucumber-java/1.2.5/cucumber-java-1.2.5.jar:/Users/prakumar11/.m2/repository/info/cukes/cucumber-core/1.2.5/cucumber-core-1.2.5.jar:/Users/prakumar11/.m2/repository/de/siegmar/fastcsv/2.0.0/fastcsv-2.0.0.jar:/Users/prakumar11/.m2/repository/info/picocli/picocli/4.6.1/picocli-4.6.1.jar:/Users/prakumar11/.m2/repository/net/masterthought/cucumber-reporting/5.6.0/cucumber-reporting-5.6.0.jar:/Users/prakumar11/.m2/repository/com/fasterxml/jackson/datatype/jackson-datatype-jsr310/2.12.1/jackson-datatype-jsr310-2.12.1.jar:/Users/prakumar11/.m2/repository/org/apache/velocity/velocity-engine-core/2.3/velocity-engine-core-2.3.jar:/Users/prakumar11/.m2/repository/commons-collections/commons-collections/3.2.2/commons-collections-3.2.2.jar:/Users/prakumar11/.m2/repository/joda-time/joda-time/2.10.10/joda-time-2.10.10.jar:/Users/prakumar11/.m2/repository/org/apache/commons/commons-lang3/3.12.0/commons-lang3-3.12.0.jar:/Users/prakumar11/.m2/repository/commons-io/commons-io/2.7/commons-io-2.7.jar:/Users/prakumar11/.m2/repository/org/codehaus/plexus/plexus-utils/3.3.0/plexus-utils-3.3.0.jar:/Users/prakumar11/.m2/repository/org/jsoup/jsoup/1.14.2/jsoup-1.14.2.jar:/Users/prakumar11/.m2/repository/com/google/guava/guava/30.1.1-jre/guava-30.1.1-jre.jar:/Users/prakumar11/.m2/repository/com/google/guava/failureaccess/1.0.1/failureaccess-1.0.1.jar:/Users/prakumar11/.m2/repository/com/google/guava/listenablefuture/9999.0-empty-to-avoid-conflict-with-guava/listenablefuture-9999.0-empty-to-avoid-conflict-with-guava.jar:/Users/prakumar11/.m2/repository/com/google/code/findbugs/jsr305/3.0.2/jsr305-3.0.2.jar:/Users/prakumar11/.m2/repository/org/checkerframework/checker-qual/3.8.0/checker-qual-3.8.0.jar:/Users/prakumar11/.m2/repository/com/google/errorprone/error_prone_annotations/2.5.1/error_prone_annotations-2.5.1.jar:/Users/prakumar11/.m2/repository/com/google/j2objc/j2objc-annotations/1.3/j2objc-annotations-1.3.jar:/Users/prakumar11/.m2/repository/com/googlecode/owasp-java-html-sanitizer/owasp-java-html-sanitizer/20200713.1/owasp-java-html-sanitizer-20200713.1.jar:/Users/prakumar11/.m2/repository/commons-configuration/commons-configuration/1.10/commons-configuration-1.10.jar:/Users/prakumar11/.m2/repository/commons-lang/commons-lang/2.6/commons-lang-2.6.jar:/Users/prakumar11/.m2/repository/commons-logging/commons-logging/1.1.1/commons-logging-1.1.1.jar:/Users/prakumar11/.m2/repository/com/intuit/karate/karate-junit4/1.1.0/karate-junit4-1.1.0.jar:/Users/prakumar11/.m2/repository/junit/junit/4.13.1/junit-4.13.1.jar:/Users/prakumar11/.m2/repository/org/hamcrest/hamcrest-core/1.3/hamcrest-core-1.3.jar:/Users/prakumar11/.m2/repository/com/intuit/karate/karate-gatling/1.1.0/karate-gatling-1.1.0.jar:/Users/prakumar11/.m2/repository/io/gatling/highcharts/gatling-charts-highcharts/3.7.0-M1/gatling-charts-highcharts-3.7.0-M1.jar:/Users/prakumar11/.m2/repository/org/scala-lang/scala-library/2.13.6/scala-library-2.13.6.jar:/Users/prakumar11/.m2/repository/io/gatling/gatling-app/3.7.0-M1/gatling-app-3.7.0-M1.jar:/Users/prakumar11/.m2/repository/io/gatling/gatling-core/3.7.0-M1/gatling-core-3.7.0-M1.jar:/Users/prakumar11/.m2/repository/io/gatling/gatling-commons/3.7.0-M1/gatling-commons-3.7.0-M1.jar:/Users/prakumar11/.m2/repository/io/gatling/gatling-commons-shared/3.7.0-M1/gatling-commons-shared-3.7.0-M1.jar:/Users/prakumar11/.m2/repository/org/scala-lang/scala-reflect/2.13.6/scala-reflect-2.13.6.jar:/Users/prakumar11/.m2/repository/io/suzaku/boopickle_2.13/1.3.3/boopickle_2.13-1.3.3.jar:/Users/prakumar11/.m2/repository/io/gatling/gatling-commons-shared-unstable/3.7.0-M1/gatling-commons-shared-unstable-3.7.0-M1.jar:/Users/prakumar11/.m2/repository/org/typelevel/spire-macros_2.13/0.17.0/spire-macros_2.13-0.17.0.jar:/Users/prakumar11/.m2/repository/com/typesafe/scala-logging/scala-logging_2.13/3.9.4/scala-logging_2.13-3.9.4.jar:/Users/prakumar11/.m2/repository/io/gatling/gatling-jsonpath/3.7.0-M1/gatling-jsonpath-3.7.0-M1.jar:/Users/prakumar11/.m2/repository/com/typesafe/akka/akka-slf4j_2.13/2.6.16/akka-slf4j_2.13-2.6.16.jar:/Users/prakumar11/.m2/repository/org/simpleflatmapper/lightning-csv/8.2.3/lightning-csv-8.2.3.jar:/Users/prakumar11/.m2/repository/org/simpleflatmapper/sfm-util/8.2.3/sfm-util-8.2.3.jar:/Users/prakumar11/.m2/repository/com/github/ben-manes/caffeine/caffeine/2.9.2/caffeine-2.9.2.jar:/Users/prakumar11/.m2/repository/io/pebbletemplates/pebble/3.1.5/pebble-3.1.5.jar:/Users/prakumar11/.m2/repository/org/unbescape/unbescape/1.1.6.RELEASE/unbescape-1.1.6.RELEASE.jar:/Users/prakumar11/.m2/repository/org/scala-lang/modules/scala-parser-combinators_2.13/2.0.0/scala-parser-combinators_2.13-2.0.0.jar:/Users/prakumar11/.m2/repository/com/github/scopt/scopt_2.13/3.7.1/scopt_2.13-3.7.1.jar:/Users/prakumar11/.m2/repository/io/netty/netty-handler/4.1.68.Final/netty-handler-4.1.68.Final.jar:/Users/prakumar11/.m2/repository/io/netty/netty-resolver/4.1.68.Final/netty-resolver-4.1.68.Final.jar:/Users/prakumar11/.m2/repository/com/softwaremill/quicklens/quicklens_2.13/1.7.4/quicklens_2.13-1.7.4.jar:/Users/prakumar11/.m2/repository/net/sf/saxon/Saxon-HE/10.6/Saxon-HE-10.6.jar:/Users/prakumar11/.m2/repository/org/jodd/jodd-lagarto/6.0.5/jodd-lagarto-6.0.5.jar:/Users/prakumar11/.m2/repository/org/jodd/jodd-util/6.0.1/jodd-util-6.0.1.jar:/Users/prakumar11/.m2/repository/io/burt/jmespath-jackson/0.5.0/jmespath-jackson-0.5.0.jar:/Users/prakumar11/.m2/repository/io/burt/jmespath-core/0.5.0/jmespath-core-0.5.0.jar:/Users/prakumar11/.m2/repository/io/gatling/gatling-core-java/3.7.0-M1/gatling-core-java-3.7.0-M1.jar:/Users/prakumar11/.m2/repository/net/jodah/typetools/0.6.3/typetools-0.6.3.jar:/Users/prakumar11/.m2/repository/io/gatling/gatling-http/3.7.0-M1/gatling-http-3.7.0-M1.jar:/Users/prakumar11/.m2/repository/io/gatling/gatling-http-client/3.7.0-M1/gatling-http-client-3.7.0-M1.jar:/Users/prakumar11/.m2/repository/io/netty/netty-handler-proxy/4.1.68.Final/netty-handler-proxy-4.1.68.Final.jar:/Users/prakumar11/.m2/repository/io/netty/netty-codec-socks/4.1.68.Final/netty-codec-socks-4.1.68.Final.jar:/Users/prakumar11/.m2/repository/io/netty/netty-resolver-dns/4.1.68.Final/netty-resolver-dns-4.1.68.Final.jar:/Users/prakumar11/.m2/repository/io/netty/netty-codec-dns/4.1.68.Final/netty-codec-dns-4.1.68.Final.jar:/Users/prakumar11/.m2/repository/io/netty/netty-codec-http2/4.1.68.Final/netty-codec-http2-4.1.68.Final.jar:/Users/prakumar11/.m2/repository/io/netty/netty-tcnative-boringssl-static/2.0.43.Final/netty-tcnative-boringssl-static-2.0.43.Final.jar:/Users/prakumar11/.m2/repository/com/aayushatharva/brotli4j/brotli4j/1.6.0/brotli4j-1.6.0.jar:/Users/prakumar11/.m2/repository/com/aayushatharva/brotli4j/native-linux-x86_64/1.6.0/native-linux-x86_64-1.6.0.jar:/Users/prakumar11/.m2/repository/com/aayushatharva/brotli4j/native-linux-aarch64/1.6.0/native-linux-aarch64-1.6.0.jar:/Users/prakumar11/.m2/repository/com/aayushatharva/brotli4j/native-osx-x86_64/1.6.0/native-osx-x86_64-1.6.0.jar:/Users/prakumar11/.m2/repository/com/aayushatharva/brotli4j/native-windows-x86_64/1.6.0/native-windows-x86_64-1.6.0.jar:/Users/prakumar11/.m2/repository/io/gatling/gatling-http-java/3.7.0-M1/gatling-http-java-3.7.0-M1.jar:/Users/prakumar11/.m2/repository/io/gatling/gatling-jms/3.7.0-M1/gatling-jms-3.7.0-M1.jar:/Users/prakumar11/.m2/repository/javax/jms/javax.jms-api/2.0.1/javax.jms-api-2.0.1.jar:/Users/prakumar11/.m2/repository/com/eatthepath/fast-uuid/0.2.0/fast-uuid-0.2.0.jar:/Users/prakumar11/.m2/repository/io/gatling/gatling-jms-java/3.7.0-M1/gatling-jms-java-3.7.0-M1.jar:/Users/prakumar11/.m2/repository/io/gatling/gatling-mqtt/3.7.0-M1/gatling-mqtt-3.7.0-M1.jar:/Users/prakumar11/.m2/repository/io/gatling/gatling-netty-util/3.7.0-M1/gatling-netty-util-3.7.0-M1.jar:/Users/prakumar11/.m2/repository/io/netty/netty-codec-mqtt/4.1.68.Final/netty-codec-mqtt-4.1.68.Final.jar:/Users/prakumar11/.m2/repository/io/netty/netty-transport-native-epoll/4.1.68.Final/netty-transport-native-epoll-4.1.68.Final-linux-x86_64.jar:/Users/prakumar11/.m2/repository/io/netty/netty-transport-native-unix-common/4.1.68.Final/netty-transport-native-unix-common-4.1.68.Final.jar:/Users/prakumar11/.m2/repository/io/gatling/gatling-mqtt-java/3.7.0-M1/gatling-mqtt-java-3.7.0-M1.jar:/Users/prakumar11/.m2/repository/io/gatling/gatling-jdbc/3.7.0-M1/gatling-jdbc-3.7.0-M1.jar:/Users/prakumar11/.m2/repository/io/gatling/gatling-jdbc-java/3.7.0-M1/gatling-jdbc-java-3.7.0-M1.jar:/Users/prakumar11/.m2/repository/io/gatling/gatling-redis/3.7.0-M1/gatling-redis-3.7.0-M1.jar:/Users/prakumar11/.m2/repository/net/debasishg/redisclient_2.13/3.40/redisclient_2.13-3.40.jar:/Users/prakumar11/.m2/repository/org/apache/commons/commons-pool2/2.8.0/commons-pool2-2.8.0.jar:/Users/prakumar11/.m2/repository/io/gatling/gatling-redis-java/3.7.0-M1/gatling-redis-java-3.7.0-M1.jar:/Users/prakumar11/.m2/repository/io/gatling/gatling-graphite/3.7.0-M1/gatling-graphite-3.7.0-M1.jar:/Users/prakumar11/.m2/repository/org/hdrhistogram/HdrHistogram/2.1.12/HdrHistogram-2.1.12.jar:/Users/prakumar11/.m2/repository/io/gatling/gatling-charts/3.7.0-M1/gatling-charts-3.7.0-M1.jar:/Users/prakumar11/.m2/repository/com/tdunning/t-digest/3.1/t-digest-3.1.jar:/Users/prakumar11/.m2/repository/io/gatling/gatling-recorder/3.7.0-M1/gatling-recorder-3.7.0-M1.jar:/Users/prakumar11/.m2/repository/org/scala-lang/modules/scala-swing_2.13/3.0.0/scala-swing_2.13-3.0.0.jar:/Users/prakumar11/.m2/repository/org/bouncycastle/bcpkix-jdk15on/1.69/bcpkix-jdk15on-1.69.jar:/Users/prakumar11/.m2/repository/org/bouncycastle/bcprov-jdk15on/1.69/bcprov-jdk15on-1.69.jar:/Users/prakumar11/.m2/repository/org/bouncycastle/bcutil-jdk15on/1.69/bcutil-jdk15on-1.69.jar:/Users/prakumar11/.m2/repository/io/netty/netty-codec-http/4.1.68.Final/netty-codec-http-4.1.68.Final.jar:/Users/prakumar11/.m2/repository/io/netty/netty-common/4.1.68.Final/netty-common-4.1.68.Final.jar:/Users/prakumar11/.m2/repository/io/netty/netty-buffer/4.1.68.Final/netty-buffer-4.1.68.Final.jar:/Users/prakumar11/.m2/repository/io/netty/netty-transport/4.1.68.Final/netty-transport-4.1.68.Final.jar:/Users/prakumar11/.m2/repository/io/netty/netty-codec/4.1.68.Final/netty-codec-4.1.68.Final.jar:/Users/prakumar11/.m2/repository/com/typesafe/akka/akka-actor_2.13/2.6.16/akka-actor_2.13-2.6.16.jar:/Users/prakumar11/.m2/repository/com/typesafe/config/1.4.0/config-1.4.0.jar:/Users/prakumar11/.m2/repository/org/scala-lang/modules/scala-java8-compat_2.13/1.0.0/scala-java8-compat_2.13-1.0.0.jar:/Users/prakumar11/.m2/repository/org/yaml/snakeyaml/1.30/snakeyaml-1.30.jar:/Users/prakumar11/.m2/repository/com/fasterxml/jackson/core/jackson-databind/2.13.0/jackson-databind-2.13.0.jar:/Users/prakumar11/.m2/repository/com/fasterxml/jackson/core/jackson-annotations/2.13.0/jackson-annotations-2.13.0.jar:/Users/prakumar11/.m2/repository/com/fasterxml/jackson/core/jackson-core/2.13.0/jackson-core-2.13.0.jar:/Users/prakumar11/.m2/repository/org/jacoco/org.jacoco.ant/0.8.7/org.jacoco.ant-0.8.7.jar:/Users/prakumar11/.m2/repository/org/jacoco/org.jacoco.core/0.8.7/org.jacoco.core-0.8.7.jar:/Users/prakumar11/.m2/repository/org/ow2/asm/asm/9.1/asm-9.1.jar:/Users/prakumar11/.m2/repository/org/ow2/asm/asm-commons/9.1/asm-commons-9.1.jar:/Users/prakumar11/.m2/repository/org/ow2/asm/asm-analysis/9.1/asm-analysis-9.1.jar:/Users/prakumar11/.m2/repository/org/ow2/asm/asm-tree/9.1/asm-tree-9.1.jar:/Users/prakumar11/.m2/repository/org/jacoco/org.jacoco.report/0.8.7/org.jacoco.report-0.8.7.jar:/Users/prakumar11/.m2/repository/org/jacoco/org.jacoco.agent/0.8.7/org.jacoco.agent-0.8.7.jar:"/>
    <property name="sun.cpu.endian" value="little"/>
    <property name="user.home" value="/Users/prakumar11"/>
    <property name="user.language" value="en"/>
    <property name="java.specification.vendor" value="Oracle Corporation"/>
    <property name="java.home" value="/Library/Java/JavaVirtualMachines/jdk1.8.0_321.jdk/Contents/Home/jre"/>
    <property name="basedir" value="/Users/prakumar11/Desktop/Dev/PS innersource/testx-api-karate"/>
    <property name="file.separator" value="/"/>
    <property name="line.separator" value="&#10;"/>
    <property name="java.vm.specification.vendor" value="Oracle Corporation"/>
    <property name="java.specification.name" value="Java Platform API Specification"/>
    <property name="java.awt.graphicsenv" value="sun.awt.CGraphicsEnvironment"/>
    <property name="karate.options" value="--tags @smoke"/>
    <property name="surefire.real.class.path" value="/Users/prakumar11/Desktop/Dev/PS innersource/testx-api-karate/target/surefire/surefirebooter8172734009954379519.jar"/>
    <property name="sun.boot.class.path" value="/Library/Java/JavaVirtualMachines/jdk1.8.0_321.jdk/Contents/Home/jre/lib/resources.jar:/Library/Java/JavaVirtualMachines/jdk1.8.0_321.jdk/Contents/Home/jre/lib/rt.jar:/Library/Java/JavaVirtualMachines/jdk1.8.0_321.jdk/Contents/Home/jre/lib/sunrsasign.jar:/Library/Java/JavaVirtualMachines/jdk1.8.0_321.jdk/Contents/Home/jre/lib/jsse.jar:/Library/Java/JavaVirtualMachines/jdk1.8.0_321.jdk/Contents/Home/jre/lib/jce.jar:/Library/Java/JavaVirtualMachines/jdk1.8.0_321.jdk/Contents/Home/jre/lib/charsets.jar:/Library/Java/JavaVirtualMachines/jdk1.8.0_321.jdk/Contents/Home/jre/lib/jfr.jar:/Library/Java/JavaVirtualMachines/jdk1.8.0_321.jdk/Contents/Home/jre/classes"/>
    <property name="sun.management.compiler" value="HotSpot 64-Bit Tiered Compilers"/>
    <property name="java.runtime.version" value="1.8.0_321-b07"/>
    <property name="user.name" value="prakumar11"/>
    <property name="path.separator" value=":"/>
    <property name="Env" value="sit"/>
    <property name="os.version" value="12.6.1"/>
    <property name="java.endorsed.dirs" value="/Library/Java/JavaVirtualMachines/jdk1.8.0_321.jdk/Contents/Home/jre/lib/endorsed"/>
    <property name="java.runtime.name" value="Java(TM) SE Runtime Environment"/>
    <property name="file.encoding" value="UTF-8"/>
    <property name="java.vm.name" value="Java HotSpot(TM) 64-Bit Server VM"/>
    <property name="localRepository" value="/Users/prakumar11/.m2/repository"/>
    <property name="java.vendor.url.bug" value="http://bugreport.sun.com/bugreport/"/>
    <property name="java.io.tmpdir" value="/var/folders/xl/m1dfkf1n0q95c3_qtg2nm96w0000gn/T/"/>
    <property name="java.version" value="1.8.0_321"/>
    <property name="user.dir" value="/Users/prakumar11/Desktop/Dev/PS innersource/testx-api-karate"/>
    <property name="os.arch" value="x86_64"/>
    <property name="java.vm.specification.name" value="Java Virtual Machine Specification"/>
    <property name="java.awt.printerjob" value="sun.lwawt.macosx.CPrinterJob"/>
    <property name="sun.os.patch.level" value="unknown"/>
    <property name="java.library.path" value="/Users/prakumar11/Library/Java/Extensions:/Library/Java/Extensions:/Network/Library/Java/Extensions:/System/Library/Java/Extensions:/usr/lib/java:."/>
    <property name="java.vm.info" value="mixed mode"/>
    <property name="java.vendor" value="Oracle Corporation"/>
    <property name="java.vm.version" value="25.321-b07"/>
    <property name="java.ext.dirs" value="/Users/prakumar11/Library/Java/Extensions:/Library/Java/JavaVirtualMachines/jdk1.8.0_321.jdk/Contents/Home/jre/lib/ext:/Library/Java/Extensions:/Network/Library/Java/Extensions:/System/Library/Java/Extensions:/usr/lib/java"/>
    <property name="sun.io.unicode.encoding" value="UnicodeBig"/>
    <property name="java.class.version" value="52.0"/>
    <property name="jacoco-agent.destfile" value="target/jacoco.exec"/>
  </properties>
  <testcase name="testParallel" classname="features.TestRunner" time="4.296">
    <failure message="status code was: 503, expected: 200, response time in milliseconds: 272, url: https://api.graphql.jobs/, response: &#10;&lt;!DOCTYPE html&gt;&#10;	&lt;html&gt;&#10;	  &lt;head&gt;&#10;		&lt;meta name=&quot;viewport&quot; content=&quot;width=device-width, initial-scale=1&quot;&gt;&#10;		&lt;meta charset=&quot;utf-8&quot;&gt;&#10;		&lt;title&gt;Application Error&lt;/title&gt;&#10;		&lt;style media=&quot;screen&quot;&gt;&#10;		  html,body,iframe {&#10;			margin: 0;&#10;			padding: 0;&#10;		  }&#10;		  html,body {&#10;			height: 100%;&#10;			overflow: hidden;&#10;		  }&#10;		  iframe {&#10;			width: 100%;&#10;			height: 100%;&#10;			border: 0;&#10;		  }&#10;		&lt;/style&gt;&#10;	  &lt;/head&gt;&#10;	  &lt;body&gt;&#10;		&lt;iframe src=&quot;//www.herokucdn.com/error-pages/application-error.html&quot;&gt;&lt;/iframe&gt;&#10;	  &lt;/body&gt;&#10;	&lt;/html&gt;&#10;classpath:features/Karate_Examples.feature:98" type="java.lang.AssertionError"><![CDATA[java.lang.AssertionError: 
status code was: 503, expected: 200, response time in milliseconds: 272, url: https://api.graphql.jobs/, response: 
<!DOCTYPE html>
	<html>
	  <head>
		<meta name="viewport" content="width=device-width, initial-scale=1">
		<meta charset="utf-8">
		<title>Application Error</title>
		<style media="screen">
		  html,body,iframe {
			margin: 0;
			padding: 0;
		  }
		  html,body {
			height: 100%;
			overflow: hidden;
		  }
		  iframe {
			width: 100%;
			height: 100%;
			border: 0;
		  }
		</style>
	  </head>
	  <body>
		<iframe src="//www.herokucdn.com/error-pages/application-error.html"></iframe>
	  </body>
	</html>
classpath:features/Karate_Examples.feature:98
	at features.TestRunner.testParallel(TestRunner.java:20)
]]></failure>
    <system-out><![CDATA[12:21:18.583 [main] INFO  com.intuit.karate.Runner - using system property 'karate.options': --tags @smoke
12:21:19.306 [main] DEBUG com.intuit.karate.Suite - [config] classpath:karate-config.js
12:21:20.263 [pool-1-thread-4] INFO  c.intuit.karate.core.FeatureRuntime - classpath:common/Karate_Common.feature - call by tag at line 13: registerUser
12:21:20.275 [pool-1-thread-3] INFO  com.intuit.karate - [print] getUserNo --- 15 
12:21:20.292 [pool-1-thread-3] INFO  com.intuit.karate - [print] JS getUserNo --- 7 
12:21:20.299 [pool-1-thread-3] INFO  c.intuit.karate.core.FeatureRuntime - classpath:common/Karate_Common.feature - call by tag at line 4: bulkReserve
12:21:20.660 [pool-1-thread-2] DEBUG com.intuit.karate - request:
1 > GET https://postcodes.io/outcodes/EC1M
1 > Host: postcodes.io
1 > Connection: Keep-Alive
1 > User-Agent: Apache-HttpClient/4.5.13 (Java/1.8.0_321)
1 > Accept-Encoding: gzip,deflate


12:21:20.661 [pool-1-thread-3] DEBUG com.intuit.karate - request:
1 > POST https://postcodes.io/postcodes
1 > Content-Type: application/json; charset=UTF-8
1 > Content-Length: 162
1 > Host: postcodes.io
1 > Connection: Keep-Alive
1 > User-Agent: Apache-HttpClient/4.5.13 (Java/1.8.0_321)
1 > Accept-Encoding: gzip,deflate
{"geolocations":[{"longitude":0.629834723775309,"latitude":51.7923246977375},{"longitude":-2.49690382054704,"latitude":53.5351312861402,"radius":1000,"limit":5}]}

12:21:20.661 [pool-1-thread-4] DEBUG com.intuit.karate - request:
1 > POST https://reqres.in/api/register
1 > Content-Type: application/x-www-form-urlencoded
1 > Content-Length: 42
1 > Host: reqres.in
1 > Connection: Keep-Alive
1 > User-Agent: Apache-HttpClient/4.5.13 (Java/1.8.0_321)
1 > Accept-Encoding: gzip,deflate
email=eve.holt%40reqres.in&password=pistol

12:21:20.661 [pool-1-thread-5] DEBUG com.intuit.karate - request:
1 > POST https://api.graphql.jobs/
1 > Content-Type: application/json; charset=UTF-8
1 > Content-Length: 51
1 > Host: api.graphql.jobs
1 > Connection: Keep-Alive
1 > User-Agent: Apache-HttpClient/4.5.13 (Java/1.8.0_321)
1 > Accept-Encoding: gzip,deflate
{"query":"query {\n  jobs{\n    id, title\n  }\n}"}

12:21:20.661 [pool-1-thread-1] DEBUG com.intuit.karate - request:
1 > POST https://postcodes.io/postcodes
1 > Content-Type: application/json; charset=UTF-8
1 > Content-Length: 47
1 > Host: postcodes.io
1 > Connection: Keep-Alive
1 > User-Agent: Apache-HttpClient/4.5.13 (Java/1.8.0_321)
1 > Accept-Encoding: gzip,deflate
{"postcodes":["OX49 5NU","M32 0JG","NE30 1DP"]}

12:21:20.903 [pool-1-thread-2] DEBUG com.intuit.karate - response time in milliseconds: 241
1 < 200
1 < Date: Mon, 05 Dec 2022 12:21:20 GMT
1 < Content-Type: application/json; charset=utf-8
1 < Transfer-Encoding: chunked
1 < Connection: keep-alive
1 < x-gnu: Michael J Blanchard
1 < access-control-allow-origin: *
1 < etag: W/"1b2-fWjnvEgKBiFAhq9r9J7qwzA1HDs"
1 < CF-Cache-Status: HIT
1 < Age: 58
1 < Report-To: {"endpoints":[{"url":"https:\/\/a.nel.cloudflare.com\/report\/v3?s=IVktAqMPJBaAPJMlrMfdJbcWEOaQ31w7UMlPA8IEhEHjERC7wUf6gRV8pu7%2Bpxjb87HzRNXWjJwRICO5s0zuMOvgHw8FwLgWETc%2BhRAAUj60S%2FEhRPhvQ%2FG6G%2Bmudg%3D%3D"}],"group":"cf-nel","max_age":604800}
1 < NEL: {"success_fraction":0,"report_to":"cf-nel","max_age":604800}
1 < Vary: Accept-Encoding
1 < Server: cloudflare
1 < CF-RAY: 774cbdb5d8f0731a-LHR
{"status":200,"result":{"outcode":"EC1M","longitude":-0.102288270718232,"latitude":51.5213030552487,"northings":181972,"eastings":531759,"admin_district":["Camden","Islington","City of London"],"parish":["Islington, unparished area","Camden, unparished area","City of London, unparished area"],"admin_county":[],"admin_ward":["Farringdon Within","Bunhill","Clerkenwell","Cripplegate","Holborn & Covent Garden"],"country":["England"]}}
12:21:20.932 [pool-1-thread-4] DEBUG com.intuit.karate - response time in milliseconds: 271
1 < 200
1 < Date: Mon, 05 Dec 2022 12:21:20 GMT
1 < Content-Type: application/json; charset=utf-8
1 < Content-Length: 36
1 < Connection: keep-alive
1 < X-Powered-By: Express
1 < Access-Control-Allow-Origin: *
1 < Etag: W/"24-4iP0za1geN2he+ohu8F0FhCjLks"
1 < Via: 1.1 vegur
1 < CF-Cache-Status: DYNAMIC
1 < Report-To: {"endpoints":[{"url":"https:\/\/a.nel.cloudflare.com\/report\/v3?s=AX9ojsSrpXhJuAC2qCb%2BKcW85pPqJFfDkd02AReTcThLxaqrvQNHIxcJ5BoGhbGzl0H%2B0Ijy%2FXSrdtlFKXIOWWLm029%2Fl7wHAPjUK81XJ3WVNPFBuu%2Fw30Gniw%3D%3D"}],"group":"cf-nel","max_age":604800}
1 < NEL: {"success_fraction":0,"report_to":"cf-nel","max_age":604800}
1 < Server: cloudflare
1 < CF-RAY: 774cbdb5d82d72f6-LHR
{"id":4,"token":"QpwL5tke4Pnpja7X4"}
12:21:20.932 [pool-1-thread-1] DEBUG com.intuit.karate - response time in milliseconds: 271
1 < 200
1 < Date: Mon, 05 Dec 2022 12:21:20 GMT
1 < Content-Type: application/json; charset=utf-8
1 < Transfer-Encoding: chunked
1 < Connection: keep-alive
1 < x-gnu: Michael J Blanchard
1 < access-control-allow-origin: *
1 < etag: W/"a6a-xWlZlsQw6RGHnc59nkO4NICqmnI"
1 < CF-Cache-Status: DYNAMIC
1 < Report-To: {"endpoints":[{"url":"https:\/\/a.nel.cloudflare.com\/report\/v3?s=Ym8z6Ts1VngfbqfFjAQ5yaxYUGd7YjZp2xuMTKfkdqQFTup7VOE46eQt%2B7blKN2qjNPvLlfJfzKLb1XfDaTfWguUB4zDtCAnZpYqsTSn%2FqhQTyevO9KSW4cI0wRkMg%3D%3D"}],"group":"cf-nel","max_age":604800}
1 < NEL: {"success_fraction":0,"report_to":"cf-nel","max_age":604800}
1 < Server: cloudflare
1 < CF-RAY: 774cbdb5df2f23f6-LHR
{"status":200,"result":[{"query":"OX49 5NU","result":{"postcode":"OX49 5NU","quality":1,"eastings":464438,"northings":195677,"country":"England","nhs_ha":"South Central","longitude":-1.069752,"latitude":51.655929,"european_electoral_region":"South East","primary_care_trust":"Oxfordshire","region":"South East","lsoa":"South Oxfordshire 011B","msoa":"South Oxfordshire 011","incode":"5NU","outcode":"OX49","parliamentary_constituency":"Henley","admin_district":"South Oxfordshire","parish":"Brightwell Baldwin","admin_county":"Oxfordshire","admin_ward":"Chalgrove","ced":"Chalgrove and Watlington","ccg":"NHS Oxfordshire","nuts":"Oxfordshire CC","codes":{"admin_district":"E07000179","admin_county":"E10000025","admin_ward":"E05009735","parish":"E04008109","parliamentary_constituency":"E14000742","ccg":"E38000136","ccg_id":"10Q","ced":"E58001732","nuts":"TLJ14","lsoa":"E01028601","msoa":"E02005968","lau2":"E07000179"}}},{"query":"M32 0JG","result":{"postcode":"M32 0JG","quality":1,"eastings":379988,"northings":395476,"country":"England","nhs_ha":"North West","longitude":-2.302836,"latitude":53.455654,"european_electoral_region":"North West","primary_care_trust":"Trafford","region":"North West","lsoa":"Trafford 003C","msoa":"Trafford 003","incode":"0JG","outcode":"M32","parliamentary_constituency":"Stretford and Urmston","admin_district":"Trafford","parish":"Trafford, unparished area","admin_county":null,"admin_ward":"Gorse Hill","ced":null,"ccg":"NHS Trafford","nuts":"Greater Manchester South West","codes":{"admin_district":"E08000009","admin_county":"E99999999","admin_ward":"E05000829","parish":"E43000163","parliamentary_constituency":"E14000979","ccg":"E38000187","ccg_id":"02A","ced":"E99999999","nuts":"TLD34","lsoa":"E01006187","msoa":"E02001261","lau2":"E08000009"}}},{"query":"NE30 1DP","result":{"postcode":"NE30 1DP","quality":1,"eastings":435958,"northings":568671,"country":"England","nhs_ha":"North East","longitude":-1.439269,"latitude":55.011303,"european_electoral_region":"North East","primary_care_trust":"North Tyneside","region":"North East","lsoa":"North Tyneside 016C","msoa":"North Tyneside 016","incode":"1DP","outcode":"NE30","parliamentary_constituency":"Tynemouth","admin_district":"North Tyneside","parish":"North Tyneside, unparished area","admin_county":null,"admin_ward":"Tynemouth","ced":null,"ccg":"NHS North Tyneside","nuts":"Tyneside","codes":{"admin_district":"E08000022","admin_county":"E99999999","admin_ward":"E05001130","parish":"E43000176","parliamentary_constituency":"E14001006","ccg":"E38000127","ccg_id":"99C","ced":"E99999999","nuts":"TLC22","lsoa":"E01008561","msoa":"E02001753","lau2":"E08000022"}}}]}
12:21:20.933 [pool-1-thread-5] DEBUG com.intuit.karate - response time in milliseconds: 272
1 < 503
1 < Date: Mon, 05 Dec 2022 12:21:20 GMT
1 < Content-Type: text/html; charset=utf-8
1 < Transfer-Encoding: chunked
1 < Connection: keep-alive
1 < Cache-Control: no-cache, no-store
1 < CF-Cache-Status: DYNAMIC
1 < Report-To: {"endpoints":[{"url":"https:\/\/a.nel.cloudflare.com\/report\/v3?s=ag55rZsFbtMGGlp9ykKW9bKB6OKuHk1Z1L442zeZWDJuxc08zzTF2EmtEbtPZzUMu1%2BmxwRmlZtVkYD51hdrbc%2Filb5o0edevESDcVBWcE2b7wrP0JYWkSukAezTH8%2BgXSm0"}],"group":"cf-nel","max_age":604800}
1 < NEL: {"success_fraction":0,"report_to":"cf-nel","max_age":604800}
1 < Server: cloudflare
1 < CF-RAY: 774cbdb5d8198895-LHR
1 < alt-svc: h3=":443"; ma=86400, h3-29=":443"; ma=86400
<!DOCTYPE html>
	<html>
	  <head>
		<meta name="viewport" content="width=device-width, initial-scale=1">
		<meta charset="utf-8">
		<title>Application Error</title>
		<style media="screen">
		  html,body,iframe {
			margin: 0;
			padding: 0;
		  }
		  html,body {
			height: 100%;
			overflow: hidden;
		  }
		  iframe {
			width: 100%;
			height: 100%;
			border: 0;
		  }
		</style>
	  </head>
	  <body>
		<iframe src="//www.herokucdn.com/error-pages/application-error.html"></iframe>
	  </body>
	</html>
12:21:20.940 [pool-1-thread-5] ERROR com.intuit.karate - classpath:features/Karate_Examples.feature:98
Then status 200
status code was: 503, expected: 200, response time in milliseconds: 272, url: https://api.graphql.jobs/, response: 
<!DOCTYPE html>
	<html>
	  <head>
		<meta name="viewport" content="width=device-width, initial-scale=1">
		<meta charset="utf-8">
		<title>Application Error</title>
		<style media="screen">
		  html,body,iframe {
			margin: 0;
			padding: 0;
		  }
		  html,body {
			height: 100%;
			overflow: hidden;
		  }
		  iframe {
			width: 100%;
			height: 100%;
			border: 0;
		  }
		</style>
	  </head>
	  <body>
		<iframe src="//www.herokucdn.com/error-pages/application-error.html"></iframe>
	  </body>
	</html>
classpath:features/Karate_Examples.feature:98
12:21:20.944 [pool-1-thread-3] DEBUG com.intuit.karate - response time in milliseconds: 283
1 < 200
1 < Date: Mon, 05 Dec 2022 12:21:20 GMT
1 < Content-Type: application/json; charset=utf-8
1 < Transfer-Encoding: chunked
1 < Connection: keep-alive
1 < x-gnu: Michael J Blanchard
1 < access-control-allow-origin: *
1 < etag: W/"1ed1-M+oOS1taGXWrznDJJUSrKk1Gm5A"
1 < CF-Cache-Status: DYNAMIC
1 < Report-To: {"endpoints":[{"url":"https:\/\/a.nel.cloudflare.com\/report\/v3?s=i6ovCw4hg9kgzabrqkYR0cE%2FbtK3oHe%2FfJpa65lcyp%2FvCov4nwCPJ8JgQuO61Qerwvck2pJZ8dchDJRSXhwpK%2FO3VF%2BeFYKh6N9MJMtoidX37oOAgidsB5HMZXudvQ%3D%3D"}],"group":"cf-nel","max_age":604800}
1 < NEL: {"success_fraction":0,"report_to":"cf-nel","max_age":604800}
1 < Server: cloudflare
1 < CF-RAY: 774cbdb5da547779-LHR
{"status":200,"result":[{"query":{"longitude":0.629834723775309,"latitude":51.7923246977375},"result":[{"postcode":"CM8 1EF","quality":1,"eastings":581459,"northings":213679,"country":"England","nhs_ha":"East of England","longitude":0.629806,"latitude":51.792326,"european_electoral_region":"Eastern","primary_care_trust":"Mid Essex","region":"East of England","lsoa":"Braintree 017F","msoa":"Braintree 017","incode":"1EF","outcode":"CM8","parliamentary_constituency":"Witham","admin_district":"Braintree","parish":"Witham","admin_county":"Essex","admin_ward":"Witham South","ced":"Witham Southern","ccg":"NHS Mid Essex","nuts":"Essex Haven Gateway","codes":{"admin_district":"E07000067","admin_county":"E10000012","admin_ward":"E05010388","parish":"E04012935","parliamentary_constituency":"E14001045","ccg":"E38000106","ccg_id":"06Q","ced":"E58000470","nuts":"TLH34","lsoa":"E01033460","msoa":"E02004462","lau2":"E07000067"},"distance":1.98709706},{"postcode":"CM8 1EU","quality":1,"eastings":581508,"northings":213652,"country":"England","nhs_ha":"East of England","longitude":0.630501,"latitude":51.792068,"european_electoral_region":"Eastern","primary_care_trust":"Mid Essex","region":"East of England","lsoa":"Braintree 017F","msoa":"Braintree 017","incode":"1EU","outcode":"CM8","parliamentary_constituency":"Witham","admin_district":"Braintree","parish":"Witham","admin_county":"Essex","admin_ward":"Witham South","ced":"Witham Southern","ccg":"NHS Mid Essex","nuts":"Essex Haven Gateway","codes":{"admin_district":"E07000067","admin_county":"E10000012","admin_ward":"E05010388","parish":"E04012935","parliamentary_constituency":"E14001045","ccg":"E38000106","ccg_id":"06Q","ced":"E58000470","nuts":"TLH34","lsoa":"E01033460","msoa":"E02004462","lau2":"E07000067"},"distance":54.12009472},{"postcode":"CM8 1PH","quality":1,"eastings":581421,"northings":213740,"country":"England","nhs_ha":"East of England","longitude":0.629287,"latitude":51.792887,"european_electoral_region":"Eastern","primary_care_trust":"Mid Essex","region":"East of England","lsoa":"Braintree 017H","msoa":"Braintree 017","incode":"1PH","outcode":"CM8","parliamentary_constituency":"Witham","admin_district":"Braintree","parish":"Witham","admin_county":"Essex","admin_ward":"Witham Central","ced":"Witham Southern","ccg":"NHS Mid Essex","nuts":"Essex Haven Gateway","codes":{"admin_district":"E07000067","admin_county":"E10000012","admin_ward":"E05012966","parish":"E04012935","parliamentary_constituency":"E14001045","ccg":"E38000106","ccg_id":"06Q","ced":"E58000470","nuts":"TLH34","lsoa":"E01033462","msoa":"E02004462","lau2":"E07000067"},"distance":73.09110168},{"postcode":"CM8 1PQ","quality":1,"eastings":581399,"northings":213755,"country":"England","nhs_ha":"East of England","longitude":0.628977,"latitude":51.793028,"european_electoral_region":"Eastern","primary_care_trust":"Mid Essex","region":"East of England","lsoa":"Braintree 017H","msoa":"Braintree 017","incode":"1PQ","outcode":"CM8","parliamentary_constituency":"Witham","admin_district":"Braintree","parish":"Witham","admin_county":"Essex","admin_ward":"Witham Central","ced":"Witham Southern","ccg":"NHS Mid Essex","nuts":"Essex Haven Gateway","codes":{"admin_district":"E07000067","admin_county":"E10000012","admin_ward":"E05012966","parish":"E04012935","parliamentary_constituency":"E14001045","ccg":"E38000106","ccg_id":"06Q","ced":"E58000470","nuts":"TLH34","lsoa":"E01033462","msoa":"E02004462","lau2":"E07000067"},"distance":98.10933201}]},{"query":{"longitude":-2.49690382054704,"latitude":53.5351312861402,"radius":1000,"limit":5},"result":[{"postcode":"M46 9WU","quality":1,"eastings":367163,"northings":404390,"country":"England","nhs_ha":"North West","longitude":-2.496903,"latitude":53.535127,"european_electoral_region":"North West","primary_care_trust":"Ashton, Leigh and Wigan","region":"North West","lsoa":"Wigan 017C","msoa":"Wigan 017","incode":"9WU","outcode":"M46","parliamentary_constituency":"Bolton West","admin_district":"Wigan","parish":"Wigan, unparished area","admin_county":null,"admin_ward":"Atherton","ced":null,"ccg":"NHS Wigan Borough","nuts":"Greater Manchester North West","codes":{"admin_district":"E08000010","admin_county":"E99999999","admin_ward":"E05000845","parish":"E43000164","parliamentary_constituency":"E14000580","ccg":"E38000205","ccg_id":"02H","ced":"E99999999","nuts":"TLD36","lsoa":"E01006241","msoa":"E02001303","lau2":"E08000010"},"distance":0.4801241},{"postcode":"M46 9XF","quality":1,"eastings":367155,"northings":404364,"country":"England","nhs_ha":"North West","longitude":-2.497021,"latitude":53.534893,"european_electoral_region":"North West","primary_care_trust":"Ashton, Leigh and Wigan","region":"North West","lsoa":"Wigan 017B","msoa":"Wigan 017","incode":"9XF","outcode":"M46","parliamentary_constituency":"Bolton West","admin_district":"Wigan","parish":"Wigan, unparished area","admin_county":null,"admin_ward":"Atherton","ced":null,"ccg":"NHS Wigan Borough","nuts":"Greater Manchester North West","codes":{"admin_district":"E08000010","admin_county":"E99999999","admin_ward":"E05000845","parish":"E43000164","parliamentary_constituency":"E14000580","ccg":"E38000205","ccg_id":"02H","ced":"E99999999","nuts":"TLD36","lsoa":"E01006240","msoa":"E02001303","lau2":"E08000010"},"distance":27.6350374},{"postcode":"M46 9XE","quality":1,"eastings":367212,"northings":404330,"country":"England","nhs_ha":"North West","longitude":-2.496158,"latitude":53.534608,"european_electoral_region":"North West","primary_care_trust":"Ashton, Leigh and Wigan","region":"North West","lsoa":"Wigan 017C","msoa":"Wigan 017","incode":"9XE","outcode":"M46","parliamentary_constituency":"Bolton West","admin_district":"Wigan","parish":"Wigan, unparished area","admin_county":null,"admin_ward":"Atherton","ced":null,"ccg":"NHS Wigan Borough","nuts":"Greater Manchester North West","codes":{"admin_district":"E08000010","admin_county":"E99999999","admin_ward":"E05000845","parish":"E43000164","parliamentary_constituency":"E14000580","ccg":"E38000205","ccg_id":"02H","ced":"E99999999","nuts":"TLD36","lsoa":"E01006241","msoa":"E02001303","lau2":"E08000010"},"distance":76.40229254},{"postcode":"M46 9NX","quality":1,"eastings":367245,"northings":404384,"country":"England","nhs_ha":"North West","longitude":-2.495666,"latitude":53.535078,"european_electoral_region":"North West","primary_care_trust":"Ashton, Leigh and Wigan","region":"North West","lsoa":"Wigan 017C","msoa":"Wigan 017","incode":"9NX","outcode":"M46","parliamentary_constituency":"Bolton West","admin_district":"Wigan","parish":"Wigan, unparished area","admin_county":null,"admin_ward":"Atherton","ced":null,"ccg":"NHS Wigan Borough","nuts":"Greater Manchester North West","codes":{"admin_district":"E08000010","admin_county":"E99999999","admin_ward":"E05000845","parish":"E43000164","parliamentary_constituency":"E14000580","ccg":"E38000205","ccg_id":"02H","ced":"E99999999","nuts":"TLD36","lsoa":"E01006241","msoa":"E02001303","lau2":"E08000010"},"distance":82.28672453},{"postcode":"M46 9NU","quality":1,"eastings":367171,"northings":404476,"country":"England","nhs_ha":"North West","longitude":-2.496792,"latitude":53.535901,"european_electoral_region":"North West","primary_care_trust":"Ashton, Leigh and Wigan","region":"North West","lsoa":"Wigan 017C","msoa":"Wigan 017","incode":"9NU","outcode":"M46","parliamentary_constituency":"Bolton West","admin_district":"Wigan","parish":"Wigan, unparished area","admin_county":null,"admin_ward":"Atherton","ced":null,"ccg":"NHS Wigan Borough","nuts":"Greater Manchester North West","codes":{"admin_district":"E08000010","admin_county":"E99999999","admin_ward":"E05000845","parish":"E43000164","parliamentary_constituency":"E14000580","ccg":"E38000205","ccg_id":"02H","ced":"E99999999","nuts":"TLD36","lsoa":"E01006241","msoa":"E02001303","lau2":"E08000010"},"distance":85.98655766}]}]}
12:21:20.945 [pool-1-thread-4] INFO  com.intuit.karate - [print] actResponse ::  {
  "endPoint": "/register",
  "baseUrl": "https://reqres.in",
  "responseHeaders": {
    "Date": [
      "Mon, 05 Dec 2022 12:21:20 GMT"
    ],
    "Content-Type": [
      "application/json; charset=utf-8"
    ],
    "Content-Length": [
      "36"
    ],
    "Connection": [
      "keep-alive"
    ],
    "X-Powered-By": [
      "Express"
    ],
    "Access-Control-Allow-Origin": [
      "*"
    ],
    "Etag": [
      "W/\"24-4iP0za1geN2he+ohu8F0FhCjLks\""
    ],
    "Via": [
      "1.1 vegur"
    ],
    "CF-Cache-Status": [
      "DYNAMIC"
    ],
    "Report-To": [
      "{\"endpoints\":[{\"url\":\"https:\\/\\/a.nel.cloudflare.com\\/report\\/v3?s=AX9ojsSrpXhJuAC2qCb%2BKcW85pPqJFfDkd02AReTcThLxaqrvQNHIxcJ5BoGhbGzl0H%2B0Ijy%2FXSrdtlFKXIOWWLm029%2Fl7wHAPjUK81XJ3WVNPFBuu%2Fw30Gniw%3D%3D\"}],\"group\":\"cf-nel\",\"max_age\":604800}"
    ],
    "NEL": [
      "{\"success_fraction\":0,\"report_to\":\"cf-nel\",\"max_age\":604800}"
    ],
    "Server": [
      "cloudflare"
    ],
    "CF-RAY": [
      "774cbdb5d82d72f6-LHR"
    ]
  },
  "response": {
    "id": 4,
    "token": "QpwL5tke4Pnpja7X4"
  },
  "contextPath": "/api",
  "params": {
    "email": "eve.holt@reqres.in",
    "password": "pistol"
  },
  "responseStatus": 200
}
 
---------------------------------------------------------
feature: classpath:features/Karate_Examples.feature
scenarios:  5 | passed:  4 | failed:  1 | time: 3.6576
---------------------------------------------------------

12:21:21.861 [pool-2-thread-1] INFO  com.intuit.karate.Suite - <<fail>> feature 1 of 1 (0 remaining) classpath:features/Karate_Examples.feature
Karate version: 1.1.0
======================================================
elapsed:   3.29 | threads:   10 | thread time: 3.66 
features:     1 | skipped:    0 | efficiency: 0.11
scenarios:    5 | passed:     4 | failed: 1
======================================================
>>> failed features:
status code was: 503, expected: 200, response time in milliseconds: 272, url: https://api.graphql.jobs/, response: 
<!DOCTYPE html>
	<html>
	  <head>
		<meta name="viewport" content="width=device-width, initial-scale=1">
		<meta charset="utf-8">
		<title>Application Error</title>
		<style media="screen">
		  html,body,iframe {
			margin: 0;
			padding: 0;
		  }
		  html,body {
			height: 100%;
			overflow: hidden;
		  }
		  iframe {
			width: 100%;
			height: 100%;
			border: 0;
		  }
		</style>
	  </head>
	  <body>
		<iframe src="//www.herokucdn.com/error-pages/application-error.html"></iframe>
	  </body>
	</html>
classpath:features/Karate_Examples.feature:98
<<<

HTML report: (paste into browser to view) | Karate version: 1.1.0
file:///Users/prakumar11/Desktop/Dev/PS%20innersource/testx-api-karate/target/karate-reports/karate-summary.html
===================================================================

]]></system-out>
    <system-err><![CDATA[Dec 05, 2022 12:21:22 PM net.masterthought.cucumber.ReportParser parseJsonFiles
INFO: File '/Users/prakumar11/Desktop/Dev/PS innersource/testx-api-karate/target/karate-reports/features.Karate_Examples.json' contains 1 features
]]></system-err>
  </testcase>
</testsuite>